c:\users\admin\documents\visual studio 2017\projects\thunder-green\thunder-green\release\xlusers.pch
c:\users\admin\documents\visual studio 2017\projects\thunder-green\thunder-green\release\vc141.pdb
c:\users\admin\documents\visual studio 2017\projects\thunder-green\thunder-green\release\stdafx.obj
c:\users\admin\documents\visual studio 2017\projects\thunder-green\thunder-green\release\dllmain.obj
c:\users\admin\documents\visual studio 2017\projects\thunder-green\thunder-green\release\thunder-green.obj
c:\users\admin\documents\visual studio 2017\projects\thunder-green\thunder-green\release\hook.obj
c:\program files (x86)\thunder network\thunder9\program\xlusers.dll
c:\program files (x86)\thunder network\thunder9\program\xlusers.pdb
c:\users\admin\documents\visual studio 2017\projects\thunder-green\thunder-green\xlusers.dll
c:\users\admin\documents\visual studio 2017\projects\thunder-green\thunder-green\xlusers.pdb
c:\program files (x86)\thunder network\thunder9\program\xlusers.lib
c:\program files (x86)\thunder network\thunder9\program\xlusers.exp
c:\program files (x86)\thunder network\thunder9\program\xlusers.ipdb
c:\program files (x86)\thunder network\thunder9\program\xlusers.iobj
c:\users\admin\documents\visual studio 2017\projects\thunder-green\thunder-green\xlusers.lib
c:\users\admin\documents\visual studio 2017\projects\thunder-green\thunder-green\xlusers.exp
c:\users\admin\documents\visual studio 2017\projects\thunder-green\thunder-green\xlusers.ipdb
c:\users\admin\documents\visual studio 2017\projects\thunder-green\thunder-green\xlusers.iobj
c:\users\admin\documents\visual studio 2017\projects\thunder-green\thunder-green\release\thunder-green.tlog\cl.command.1.tlog
c:\users\admin\documents\visual studio 2017\projects\thunder-green\thunder-green\release\thunder-green.tlog\cl.read.1.tlog
c:\users\admin\documents\visual studio 2017\projects\thunder-green\thunder-green\release\thunder-green.tlog\cl.write.1.tlog
c:\users\admin\documents\visual studio 2017\projects\thunder-green\thunder-green\release\thunder-green.tlog\link.command.1.tlog
c:\users\admin\documents\visual studio 2017\projects\thunder-green\thunder-green\release\thunder-green.tlog\link.read.1.tlog
c:\users\admin\documents\visual studio 2017\projects\thunder-green\thunder-green\release\thunder-green.tlog\link.write.1.tlog
c:\users\admin\documents\visual studio 2017\projects\thunder-green\thunder-green\release\thunder-green.tlog\thunder-green.write.1u.tlog
